/*C48*/SET SCHEMA PUBLIC
CONNECT USER SA
SET AUTOCOMMIT FALSE
SET AUTOCOMMIT TRUE
SET AUTOCOMMIT FALSE
SET AUTOCOMMIT TRUE
SET AUTOCOMMIT FALSE
SET AUTOCOMMIT TRUE
SET AUTOCOMMIT FALSE
SET AUTOCOMMIT TRUE
SET AUTOCOMMIT FALSE
SET AUTOCOMMIT TRUE
SET AUTOCOMMIT FALSE
SET AUTOCOMMIT TRUE
SET AUTOCOMMIT FALSE
SET AUTOCOMMIT TRUE
/*C49*/SET SCHEMA PUBLIC
CONNECT USER SA
SET AUTOCOMMIT FALSE
SET AUTOCOMMIT TRUE
DISCONNECT
/*C48*/SET AUTOCOMMIT FALSE
SET AUTOCOMMIT TRUE
SET AUTOCOMMIT FALSE
SET AUTOCOMMIT TRUE
SET AUTOCOMMIT FALSE
SET AUTOCOMMIT TRUE
SET AUTOCOMMIT FALSE
SET AUTOCOMMIT TRUE
SET AUTOCOMMIT FALSE
SET AUTOCOMMIT TRUE
SET AUTOCOMMIT FALSE
SET AUTOCOMMIT TRUE
SET AUTOCOMMIT FALSE
SET AUTOCOMMIT TRUE
SET AUTOCOMMIT FALSE
SET AUTOCOMMIT TRUE
SET AUTOCOMMIT FALSE
/*C50*/SET SCHEMA PUBLIC
CONNECT USER SA
SET AUTOCOMMIT FALSE
SET AUTOCOMMIT TRUE
SET AUTOCOMMIT FALSE
/*C48*/SET AUTOCOMMIT TRUE
/*C50*/SET AUTOCOMMIT TRUE
SET AUTOCOMMIT FALSE
/*C48*/SET AUTOCOMMIT FALSE
/*C50*/SET AUTOCOMMIT TRUE
/*C48*/SET AUTOCOMMIT TRUE
SET AUTOCOMMIT FALSE
/*C50*/SET AUTOCOMMIT FALSE
/*C51*/SET SCHEMA PUBLIC
CONNECT USER SA
SET AUTOCOMMIT FALSE
DELETE FROM HIBERNATE_UNIQUE_KEY WHERE NEXT_HI=13
INSERT INTO HIBERNATE_UNIQUE_KEY VALUES(14)
COMMIT
SET AUTOCOMMIT TRUE
/*C48*/INSERT INTO "TOKEN" VALUES(425986,-1,'crowd','6880954167830441778','mWKbacU60hzjx61BE72Rsg00',1235774876503,1235774876503)
/*C50*/INSERT INTO "TOKEN" VALUES(425985,-1,'crowd','1529854552067589586','oX0S5ppS78SSj7DwmCaGtQ00',1235774876503,1235774876503)
DELETE FROM "TOKEN" WHERE "ID"=425985
INSERT INTO "TOKEN" VALUES(425985,-1,'crowd','1529854552067589586','oX0S5ppS78SSj7DwmCaGtQ00',1235774876503,1235774876547)
COMMIT
SET AUTOCOMMIT TRUE
/*C48*/DELETE FROM "TOKEN" WHERE "ID"=425986
INSERT INTO "TOKEN" VALUES(425986,-1,'crowd','6880954167830441778','mWKbacU60hzjx61BE72Rsg00',1235774876503,1235774876547)
COMMIT
SET AUTOCOMMIT TRUE
SET AUTOCOMMIT FALSE
SET AUTOCOMMIT TRUE
SET AUTOCOMMIT FALSE
SET AUTOCOMMIT TRUE
SET AUTOCOMMIT FALSE
/*C50*/SET AUTOCOMMIT FALSE
INSERT INTO "TOKEN" VALUES(425987,98305,'crowdadmin','0815726318811751200','sPoKBWsMt4Y6h2y7aqT85Q00',1235774876719,1235774876719)
DELETE FROM "TOKEN" WHERE "ID"=425985
INSERT INTO "TOKEN" VALUES(425985,-1,'crowd','1529854552067589586','oX0S5ppS78SSj7DwmCaGtQ00',1235774876503,1235774876631)
DELETE FROM "ATTRIBUTEVALUES" WHERE "ATTRIBUTEVALUEID"=65555 AND "INDEX"=0
INSERT INTO "ATTRIBUTEVALUES" VALUES(65555,'1235774876718',0)
COMMIT
SET AUTOCOMMIT TRUE
/*C48*/INSERT INTO "TOKEN" VALUES(425988,98305,'crowdadmin','4618344201884066248','KUDrCWdH3bvFzEvl3ZS78g00',1235774876722,1235774876722)
DELETE FROM "TOKEN" WHERE "ID"=425986
INSERT INTO "TOKEN" VALUES(425986,-1,'crowd','6880954167830441778','mWKbacU60hzjx61BE72Rsg00',1235774876503,1235774876627)
DELETE FROM "ATTRIBUTEVALUES" WHERE "ATTRIBUTEVALUEID"=65555 AND "INDEX"=0
INSERT INTO "ATTRIBUTEVALUES" VALUES(65555,'1235774876721',0)
COMMIT
SET AUTOCOMMIT TRUE
SET AUTOCOMMIT FALSE
/*C50*/SET AUTOCOMMIT FALSE
/*C48*/SET AUTOCOMMIT TRUE
/*C50*/SET AUTOCOMMIT TRUE
SET AUTOCOMMIT FALSE
/*C48*/SET AUTOCOMMIT FALSE
/*C50*/DELETE FROM "TOKEN" WHERE "ID"=425986
INSERT INTO "TOKEN" VALUES(425986,-1,'crowd','6880954167830441778','mWKbacU60hzjx61BE72Rsg00',1235774876503,1235774876778)
/*C48*/DELETE FROM "TOKEN" WHERE "ID"=425986
INSERT INTO "TOKEN" VALUES(425986,-1,'crowd','6880954167830441778','mWKbacU60hzjx61BE72Rsg00',1235774876503,1235774876779)
/*C50*/COMMIT
SET AUTOCOMMIT TRUE
/*C48*/COMMIT
SET AUTOCOMMIT TRUE
SET AUTOCOMMIT FALSE
/*C50*/SET AUTOCOMMIT FALSE
/*C48*/SET AUTOCOMMIT TRUE
/*C50*/SET AUTOCOMMIT TRUE
/*C51*/SET AUTOCOMMIT FALSE
/*C50*/SET AUTOCOMMIT FALSE
/*C51*/DELETE FROM "TOKEN" WHERE "ID"=425986
INSERT INTO "TOKEN" VALUES(425986,-1,'crowd','6880954167830441778','mWKbacU60hzjx61BE72Rsg00',1235774876503,1235774876839)
/*C50*/DELETE FROM "TOKEN" WHERE "ID"=425986
INSERT INTO "TOKEN" VALUES(425986,-1,'crowd','6880954167830441778','mWKbacU60hzjx61BE72Rsg00',1235774876503,1235774876840)
/*C51*/COMMIT
/*C50*/COMMIT
/*C51*/SET AUTOCOMMIT TRUE
/*C50*/SET AUTOCOMMIT TRUE
SET AUTOCOMMIT FALSE
SET AUTOCOMMIT TRUE
/*C51*/SET AUTOCOMMIT FALSE
/*C50*/SET AUTOCOMMIT FALSE
SET AUTOCOMMIT TRUE
SET AUTOCOMMIT FALSE
/*C51*/SET AUTOCOMMIT TRUE
/*C50*/SET AUTOCOMMIT TRUE
SET AUTOCOMMIT FALSE
SET AUTOCOMMIT TRUE
SET AUTOCOMMIT FALSE
/*C51*/SET AUTOCOMMIT FALSE
SET AUTOCOMMIT TRUE
/*C50*/SET AUTOCOMMIT TRUE
SET AUTOCOMMIT FALSE
/*C51*/SET AUTOCOMMIT FALSE
/*C50*/SET AUTOCOMMIT TRUE
SET AUTOCOMMIT FALSE
/*C51*/DELETE FROM "TOKEN" WHERE "ID"=425986
INSERT INTO "TOKEN" VALUES(425986,-1,'crowd','6880954167830441778','mWKbacU60hzjx61BE72Rsg00',1235774876503,1235774877564)
COMMIT
SET AUTOCOMMIT TRUE
/*C50*/DELETE FROM "TOKEN" WHERE "ID"=425986
INSERT INTO "TOKEN" VALUES(425986,-1,'crowd','6880954167830441778','mWKbacU60hzjx61BE72Rsg00',1235774876503,1235774877567)
COMMIT
SET AUTOCOMMIT TRUE
/*C51*/SET AUTOCOMMIT FALSE
SET AUTOCOMMIT TRUE
SET AUTOCOMMIT FALSE
SET AUTOCOMMIT TRUE
/*C50*/SET AUTOCOMMIT FALSE
SET AUTOCOMMIT TRUE
SET AUTOCOMMIT FALSE
SET AUTOCOMMIT TRUE
SET AUTOCOMMIT FALSE
SET AUTOCOMMIT TRUE
SET AUTOCOMMIT FALSE
SET AUTOCOMMIT TRUE
SET AUTOCOMMIT FALSE
SET AUTOCOMMIT TRUE
SET AUTOCOMMIT FALSE
SET AUTOCOMMIT TRUE
SET AUTOCOMMIT FALSE
SET AUTOCOMMIT TRUE
SET AUTOCOMMIT FALSE
SET AUTOCOMMIT TRUE
SET AUTOCOMMIT FALSE
SET AUTOCOMMIT TRUE
SET AUTOCOMMIT FALSE
SET AUTOCOMMIT TRUE
DISCONNECT
/*C48*/DISCONNECT
/*C51*/DISCONNECT
/*C52*/SET SCHEMA PUBLIC
CONNECT USER SA
SET AUTOCOMMIT FALSE
SET AUTOCOMMIT TRUE
/*C53*/SET SCHEMA PUBLIC
CONNECT USER SA
SET AUTOCOMMIT FALSE
SET AUTOCOMMIT TRUE
DISCONNECT
/*C52*/DISCONNECT
/*C54*/SET SCHEMA PUBLIC
CONNECT USER SA
SET AUTOCOMMIT FALSE
SET AUTOCOMMIT TRUE
SET AUTOCOMMIT FALSE
SET AUTOCOMMIT TRUE
SET AUTOCOMMIT FALSE
SET AUTOCOMMIT TRUE
SET AUTOCOMMIT FALSE
SET AUTOCOMMIT TRUE
SET AUTOCOMMIT FALSE
INSERT INTO "TOKEN" VALUES(425989,98305,'crowdadmin','9205499246991814933','038ufvWcY9wF6qFj0rxR8A00',1235775869315,1235775869315)
DELETE FROM "TOKEN" WHERE "ID"=425986
INSERT INTO "TOKEN" VALUES(425986,-1,'crowd','6880954167830441778','mWKbacU60hzjx61BE72Rsg00',1235774876503,1235775869294)
DELETE FROM "ATTRIBUTEVALUES" WHERE "ATTRIBUTEVALUEID"=65555 AND "INDEX"=0
INSERT INTO "ATTRIBUTEVALUES" VALUES(65555,'1235775869314',0)
COMMIT
SET AUTOCOMMIT TRUE
SET AUTOCOMMIT FALSE
SET AUTOCOMMIT TRUE
SET AUTOCOMMIT FALSE
DELETE FROM "TOKEN" WHERE "ID"=425986
INSERT INTO "TOKEN" VALUES(425986,-1,'crowd','6880954167830441778','mWKbacU60hzjx61BE72Rsg00',1235774876503,1235775869342)
COMMIT
SET AUTOCOMMIT TRUE
SET AUTOCOMMIT FALSE
SET AUTOCOMMIT TRUE
SET AUTOCOMMIT FALSE
DELETE FROM "TOKEN" WHERE "ID"=425986
INSERT INTO "TOKEN" VALUES(425986,-1,'crowd','6880954167830441778','mWKbacU60hzjx61BE72Rsg00',1235774876503,1235775869375)
COMMIT
SET AUTOCOMMIT TRUE
SET AUTOCOMMIT FALSE
SET AUTOCOMMIT TRUE
SET AUTOCOMMIT FALSE
SET AUTOCOMMIT TRUE
SET AUTOCOMMIT FALSE
SET AUTOCOMMIT TRUE
SET AUTOCOMMIT FALSE
SET AUTOCOMMIT TRUE
SET AUTOCOMMIT FALSE
DELETE FROM "TOKEN" WHERE "ID"=425986
INSERT INTO "TOKEN" VALUES(425986,-1,'crowd','6880954167830441778','mWKbacU60hzjx61BE72Rsg00',1235774876503,1235775869734)
COMMIT
SET AUTOCOMMIT TRUE
SET AUTOCOMMIT FALSE
SET AUTOCOMMIT TRUE
SET AUTOCOMMIT FALSE
/*C55*/SET SCHEMA PUBLIC
CONNECT USER SA
/*C54*/SET AUTOCOMMIT TRUE
/*C55*/SET AUTOCOMMIT FALSE
SET AUTOCOMMIT TRUE
SET AUTOCOMMIT FALSE
SET AUTOCOMMIT TRUE
SET AUTOCOMMIT FALSE
SET AUTOCOMMIT TRUE
/*C54*/SET AUTOCOMMIT FALSE
SET AUTOCOMMIT TRUE
SET AUTOCOMMIT FALSE
SET AUTOCOMMIT TRUE
/*C55*/SET AUTOCOMMIT FALSE
SET AUTOCOMMIT TRUE
SET AUTOCOMMIT FALSE
SET AUTOCOMMIT TRUE
SET AUTOCOMMIT FALSE
SET AUTOCOMMIT TRUE
SET AUTOCOMMIT FALSE
SET AUTOCOMMIT TRUE
