SELECT u.blocks, u.used, u.available, f.id, f.mount, SUBSTRING_INDEX(f.path, ':', 1) server FROM filesystem f, fsusage u WHERE f.deprecated IS FALSE AND u.fsid = f.id AND u.checked = (SELECT MAX(checked) FROM fsusage) ORDER BY RAND() 
could not mkdir 1708: File exists at dirstats.pl line 100.
bsub -q broad -o /broad/hptmp/matter/stats_20090210/1708/1708.0.out  /util/bin/perl /sysman/scratch/matter/sandbox/fsstats/mystats -1 -o /broad/hptmp/matter/stats_20090210/1708/1708.0.csv "/broad/hptmp"
SELECT u.blocks, u.used, u.available FROM fsusage u WHERE fsid = ? AND checked = (SELECT MAX(checked) FROM fsusage WHERE fsid=? AND checked < (SELECT checked FROM fsstat WHERE fsid=? AND dirid IS NULL AND uid IS NULL AND type=2 AND latest=1))
Job <8094471> is submitted to queue <broad>.
find: Filesystem loop detected; `/broad/hptmp/.snapshot' has the same device number and inode as a directory which is 1 level higher in the filesystem hierarchy.
find: WARNING: Hard link count is wrong for .: this may be a bug in your filesystem driver.  Automatically turning on find's -noleaf option.  Earlier results may have failed to include directories that should have been searched.
bsub -q broad -o  /broad/hptmp/matter/stats_20090210/1708/1708.1.out  /util/bin/perl /sysman/scratch/matter/sandbox/fsstats/mystats -o /broad/hptmp/matter/stats_20090210/1708/1708.1.csv "/broad/hptmp/alecw"
bsub -q broad -o  /broad/hptmp/matter/stats_20090210/1708/1708.30.out  /util/bin/perl /sysman/scratch/matter/sandbox/fsstats/mystats -o /broad/hptmp/matter/stats_20090210/1708/1708.30.csv "/broad/hptmp/Gerald2SAM"
Job <8094472> is submitted to queue <broad>.
INSERT INTO subdir(fsid,dirid,name) VALUES (1708,30,'Gerald2SAM')
bsub -q broad -o  /broad/hptmp/matter/stats_20090210/1708/1708.2.out  /util/bin/perl /sysman/scratch/matter/sandbox/fsstats/mystats -o /broad/hptmp/matter/stats_20090210/1708/1708.2.csv "/broad/hptmp/jmaguire"
Job <8094473> is submitted to queue <broad>.
bsub -q broad -o  /broad/hptmp/matter/stats_20090210/1708/1708.3.out  /util/bin/perl /sysman/scratch/matter/sandbox/fsstats/mystats -o /broad/hptmp/matter/stats_20090210/1708/1708.3.csv "/broad/hptmp/cpatti-test"
Job <8094474> is submitted to queue <broad>.
bsub -q broad -o  /broad/hptmp/matter/stats_20090210/1708/1708.4.out  /util/bin/perl /sysman/scratch/matter/sandbox/fsstats/mystats -o /broad/hptmp/matter/stats_20090210/1708/1708.4.csv "/broad/hptmp/kristian"
Job <8094475> is submitted to queue <broad>.
bsub -q broad -o  /broad/hptmp/matter/stats_20090210/1708/1708.5.out  /util/bin/perl /sysman/scratch/matter/sandbox/fsstats/mystats -o /broad/hptmp/matter/stats_20090210/1708/1708.5.csv "/broad/hptmp/tfennell"
Job <8094476> is submitted to queue <broad>.
bsub -q broad -o  /broad/hptmp/matter/stats_20090210/1708/1708.6.out  /util/bin/perl /sysman/scratch/matter/sandbox/fsstats/mystats -o /broad/hptmp/matter/stats_20090210/1708/1708.6.csv "/broad/hptmp/prodinfo"
Job <8094477> is submitted to queue <broad>.
bsub -q broad -o  /broad/hptmp/matter/stats_20090210/1708/1708.7.out  /util/bin/perl /sysman/scratch/matter/sandbox/fsstats/mystats -o /broad/hptmp/matter/stats_20090210/1708/1708.7.csv "/broad/hptmp/iainm"
Job <8094478> is submitted to queue <broad>.
bsub -q broad -o  /broad/hptmp/matter/stats_20090210/1708/1708.31.out  /util/bin/perl /sysman/scratch/matter/sandbox/fsstats/mystats -o /broad/hptmp/matter/stats_20090210/1708/1708.31.csv "/broad/hptmp/tfenne"
Job <8094479> is submitted to queue <broad>.
INSERT INTO subdir(fsid,dirid,name) VALUES (1708,31,'tfenne')
bsub -q broad -o  /broad/hptmp/matter/stats_20090210/1708/1708.8.out  /util/bin/perl /sysman/scratch/matter/sandbox/fsstats/mystats -o /broad/hptmp/matter/stats_20090210/1708/1708.8.csv "/broad/hptmp/candidasolexa"
Job <8094480> is submitted to queue <broad>.
bsub -q broad -o  /broad/hptmp/matter/stats_20090210/1708/1708.9.out  /util/bin/perl /sysman/scratch/matter/sandbox/fsstats/mystats -o /broad/hptmp/matter/stats_20090210/1708/1708.9.csv "/broad/hptmp/jules"
Job <8094481> is submitted to queue <broad>.
bsub -q broad -o  /broad/hptmp/matter/stats_20090210/1708/1708.10.out  /util/bin/perl /sysman/scratch/matter/sandbox/fsstats/mystats -o /broad/hptmp/matter/stats_20090210/1708/1708.10.csv "/broad/hptmp/erez"
Job <8094482> is submitted to queue <broad>.
bsub -q broad -o  /broad/hptmp/matter/stats_20090210/1708/1708.11.out  /util/bin/perl /sysman/scratch/matter/sandbox/fsstats/mystats -o /broad/hptmp/matter/stats_20090210/1708/1708.11.csv "/broad/hptmp/kiran"
Job <8094483> is submitted to queue <broad>.
bsub -q broad -o  /broad/hptmp/matter/stats_20090210/1708/1708.12.out  /util/bin/perl /sysman/scratch/matter/sandbox/fsstats/mystats -o /broad/hptmp/matter/stats_20090210/1708/1708.12.csv "/broad/hptmp/bethc"
Job <8094484> is submitted to queue <broad>.
bsub -q broad -o  /broad/hptmp/matter/stats_20090210/1708/1708.13.out  /util/bin/perl /sysman/scratch/matter/sandbox/fsstats/mystats -o /broad/hptmp/matter/stats_20090210/1708/1708.13.csv "/broad/hptmp/asivache"
Job <8094485> is submitted to queue <broad>.
bsub -q broad -o  /broad/hptmp/matter/stats_20090210/1708/1708.14.out  /util/bin/perl /sysman/scratch/matter/sandbox/fsstats/mystats -o /broad/hptmp/matter/stats_20090210/1708/1708.14.csv "/broad/hptmp/nnovod"
Job <8094486> is submitted to queue <broad>.
bsub -q broad -o  /broad/hptmp/matter/stats_20090210/1708/1708.15.out  /util/bin/perl /sysman/scratch/matter/sandbox/fsstats/mystats -o /broad/hptmp/matter/stats_20090210/1708/1708.15.csv "/broad/hptmp/berger"
Job <8094487> is submitted to queue <broad>.
bsub -q broad -o  /broad/hptmp/matter/stats_20090210/1708/1708.16.out  /util/bin/perl /sysman/scratch/matter/sandbox/fsstats/mystats -o /broad/hptmp/matter/stats_20090210/1708/1708.16.csv "/broad/hptmp/sante"
Job <8094488> is submitted to queue <broad>.
bsub -q broad -o  /broad/hptmp/matter/stats_20090210/1708/1708.17.out  /util/bin/perl /sysman/scratch/matter/sandbox/fsstats/mystats -o /broad/hptmp/matter/stats_20090210/1708/1708.17.csv "/broad/hptmp/tshea"
Job <8094489> is submitted to queue <broad>.
bsub -q broad -o  /broad/hptmp/matter/stats_20090210/1708/1708.18.out  /util/bin/perl /sysman/scratch/matter/sandbox/fsstats/mystats -o /broad/hptmp/matter/stats_20090210/1708/1708.18.csv "/broad/hptmp/ejon"
Job <8094490> is submitted to queue <broad>.
bsub -q broad -o  /broad/hptmp/matter/stats_20090210/1708/1708.19.out  /util/bin/perl /sysman/scratch/matter/sandbox/fsstats/mystats -o /broad/hptmp/matter/stats_20090210/1708/1708.19.csv "/broad/hptmp/jaffe"
Job <8094491> is submitted to queue <broad>.
bsub -q broad -o  /broad/hptmp/matter/stats_20090210/1708/1708.20.out  /util/bin/perl /sysman/scratch/matter/sandbox/fsstats/mystats -o /broad/hptmp/matter/stats_20090210/1708/1708.20.csv "/broad/hptmp/tsharpe"
Job <8094492> is submitted to queue <broad>.
bsub -q broad -o  /broad/hptmp/matter/stats_20090210/1708/1708.21.out  /util/bin/perl /sysman/scratch/matter/sandbox/fsstats/mystats -o /broad/hptmp/matter/stats_20090210/1708/1708.21.csv "/broad/hptmp/kcibul"
Job <8094493> is submitted to queue <broad>.
bsub -q broad -o  /broad/hptmp/matter/stats_20090210/1708/1708.22.out  /util/bin/perl /sysman/scratch/matter/sandbox/fsstats/mystats -o /broad/hptmp/matter/stats_20090210/1708/1708.22.csv "/broad/hptmp/ssykes"
Job <8094494> is submitted to queue <broad>.
bsub -q broad -o  /broad/hptmp/matter/stats_20090210/1708/1708.23.out  /util/bin/perl /sysman/scratch/matter/sandbox/fsstats/mystats -o /broad/hptmp/matter/stats_20090210/1708/1708.23.csv "/broad/hptmp/depristo"
Job <8094495> is submitted to queue <broad>.
bsub -q broad -o  /broad/hptmp/matter/stats_20090210/1708/1708.24.out  /util/bin/perl /sysman/scratch/matter/sandbox/fsstats/mystats -o /broad/hptmp/matter/stats_20090210/1708/1708.24.csv "/broad/hptmp/andrewk"
Job <8094496> is submitted to queue <broad>.
bsub -q broad -o  /broad/hptmp/matter/stats_20090210/1708/1708.25.out  /util/bin/perl /sysman/scratch/matter/sandbox/fsstats/mystats -o /broad/hptmp/matter/stats_20090210/1708/1708.25.csv "/broad/hptmp/monia"
Job <8094497> is submitted to queue <broad>.
bsub -q broad -o  /broad/hptmp/matter/stats_20090210/1708/1708.32.out  /util/bin/perl /sysman/scratch/matter/sandbox/fsstats/mystats -o /broad/hptmp/matter/stats_20090210/1708/1708.32.csv "/broad/hptmp/grabherr"
Job <8094498> is submitted to queue <broad>.
INSERT INTO subdir(fsid,dirid,name) VALUES (1708,32,'grabherr')
bsub -q broad -o  /broad/hptmp/matter/stats_20090210/1708/1708.26.out  /util/bin/perl /sysman/scratch/matter/sandbox/fsstats/mystats -o /broad/hptmp/matter/stats_20090210/1708/1708.26.csv "/broad/hptmp/jburton"
Job <8094499> is submitted to queue <broad>.
bsub -q broad -o  /broad/hptmp/matter/stats_20090210/1708/1708.33.out  /util/bin/perl /sysman/scratch/matter/sandbox/fsstats/mystats -o /broad/hptmp/matter/stats_20090210/1708/1708.33.csv "/broad/hptmp/amberlin"
Job <8094500> is submitted to queue <broad>.
INSERT INTO subdir(fsid,dirid,name) VALUES (1708,33,'amberlin')
bsub -q broad -o  /broad/hptmp/matter/stats_20090210/1708/1708.27.out  /util/bin/perl /sysman/scratch/matter/sandbox/fsstats/mystats -o /broad/hptmp/matter/stats_20090210/1708/1708.27.csv "/broad/hptmp/matter"
Job <8094501> is submitted to queue <broad>.
bsub -q broad -o  /broad/hptmp/matter/stats_20090210/1708/1708.28.out  /util/bin/perl /sysman/scratch/matter/sandbox/fsstats/mystats -o /broad/hptmp/matter/stats_20090210/1708/1708.28.csv "/broad/hptmp/bhaas"
Job <8094502> is submitted to queue <broad>.
bsub -q broad -o  /broad/hptmp/matter/stats_20090210/1708/1708.29.out  /util/bin/perl /sysman/scratch/matter/sandbox/fsstats/mystats -o /broad/hptmp/matter/stats_20090210/1708/1708.29.csv "/broad/hptmp/dariusz"
Job <8094503> is submitted to queue <broad>.
could not mkdir 1714: File exists at dirstats.pl line 100, <FIND> line 33.
bsub -q broad -o /broad/hptmp/matter/stats_20090210/1714/1714.0.out  /util/bin/perl /sysman/scratch/matter/sandbox/fsstats/mystats -1 -o /broad/hptmp/matter/stats_20090210/1714/1714.0.csv "/seq/solexaproc2"
Job <8094504> is submitted to queue <broad>.
Job <8094505> is submitted to queue <broad>.
find: Filesystem loop detected; `/seq/solexaproc2/.snapshot' has the same device number and inode as a directory which is 1 level higher in the filesystem hierarchy.
find: WARNING: Hard link count is wrong for .: this may be a bug in your filesystem driver.  Automatically turning on find's -noleaf option.  Earlier results may have failed to include directories that should have been searched.
bsub -q broad -o  /broad/hptmp/matter/stats_20090210/1714/1714.1.out  /util/bin/perl /sysman/scratch/matter/sandbox/fsstats/mystats -o /broad/hptmp/matter/stats_20090210/1714/1714.1.csv "/seq/solexaproc2/SL-XAJ"
bsub -q broad -o  /broad/hptmp/matter/stats_20090210/1714/1714.2.out  /util/bin/perl /sysman/scratch/matter/sandbox/fsstats/mystats -o /broad/hptmp/matter/stats_20090210/1714/1714.2.csv "/seq/solexaproc2/SL-XBH"
Job <8094506> is submitted to queue <broad>.
bsub -q broad -o  /broad/hptmp/matter/stats_20090210/1714/1714.3.out  /util/bin/perl /sysman/scratch/matter/sandbox/fsstats/mystats -o /broad/hptmp/matter/stats_20090210/1714/1714.3.csv "/seq/solexaproc2/SL-XBD"
Job <8094507> is submitted to queue <broad>.
bsub -q broad -o  /broad/hptmp/matter/stats_20090210/1714/1714.4.out  /util/bin/perl /sysman/scratch/matter/sandbox/fsstats/mystats -o /broad/hptmp/matter/stats_20090210/1714/1714.4.csv "/seq/solexaproc2/SL-XAY"
Job <8094508> is submitted to queue <broad>.
bsub -q broad -o  /broad/hptmp/matter/stats_20090210/1714/1714.5.out  /util/bin/perl /sysman/scratch/matter/sandbox/fsstats/mystats -o /broad/hptmp/matter/stats_20090210/1714/1714.5.csv "/seq/solexaproc2/SL-XAZ"
Job <8094509> is submitted to queue <broad>.
bsub -q broad -o  /broad/hptmp/matter/stats_20090210/1714/1714.6.out  /util/bin/perl /sysman/scratch/matter/sandbox/fsstats/mystats -o /broad/hptmp/matter/stats_20090210/1714/1714.6.csv "/seq/solexaproc2/SL-XAD"
Job <8094510> is submitted to queue <broad>.
bsub -q broad -o  /broad/hptmp/matter/stats_20090210/1714/1714.7.out  /util/bin/perl /sysman/scratch/matter/sandbox/fsstats/mystats -o /broad/hptmp/matter/stats_20090210/1714/1714.7.csv "/seq/solexaproc2/SL-XBB"
Job <8094511> is submitted to queue <broad>.
bsub -q broad -o  /broad/hptmp/matter/stats_20090210/1714/1714.8.out  /util/bin/perl /sysman/scratch/matter/sandbox/fsstats/mystats -o /broad/hptmp/matter/stats_20090210/1714/1714.8.csv "/seq/solexaproc2/SL-XAP"
Job <8094512> is submitted to queue <broad>.
bsub -q broad -o  /broad/hptmp/matter/stats_20090210/1714/1714.9.out  /util/bin/perl /sysman/scratch/matter/sandbox/fsstats/mystats -o /broad/hptmp/matter/stats_20090210/1714/1714.9.csv "/seq/solexaproc2/SL-XBG"
Job <8094513> is submitted to queue <broad>.
bsub -q broad -o  /broad/hptmp/matter/stats_20090210/1714/1714.10.out  /util/bin/perl /sysman/scratch/matter/sandbox/fsstats/mystats -o /broad/hptmp/matter/stats_20090210/1714/1714.10.csv "/seq/solexaproc2/SL-XBE"
Job <8094514> is submitted to queue <broad>.
bsub -q broad -o  /broad/hptmp/matter/stats_20090210/1714/1714.11.out  /util/bin/perl /sysman/scratch/matter/sandbox/fsstats/mystats -o /broad/hptmp/matter/stats_20090210/1714/1714.11.csv "/seq/solexaproc2/SL-XBA"
Job <8094515> is submitted to queue <broad>.
bsub -q broad -o  /broad/hptmp/matter/stats_20090210/1714/1714.12.out  /util/bin/perl /sysman/scratch/matter/sandbox/fsstats/mystats -o /broad/hptmp/matter/stats_20090210/1714/1714.12.csv "/seq/solexaproc2/SL-XAB"
Job <8094516> is submitted to queue <broad>.
bsub -q broad -o  /broad/hptmp/matter/stats_20090210/1714/1714.13.out  /util/bin/perl /sysman/scratch/matter/sandbox/fsstats/mystats -o /broad/hptmp/matter/stats_20090210/1714/1714.13.csv "/seq/solexaproc2/SL-XAN"
Job <8094517> is submitted to queue <broad>.
bsub -q broad -o  /broad/hptmp/matter/stats_20090210/1714/1714.14.out  /util/bin/perl /sysman/scratch/matter/sandbox/fsstats/mystats -o /broad/hptmp/matter/stats_20090210/1714/1714.14.csv "/seq/solexaproc2/SL-XAX"
Job <8094518> is submitted to queue <broad>.
bsub -q broad -o  /broad/hptmp/matter/stats_20090210/1714/1714.15.out  /util/bin/perl /sysman/scratch/matter/sandbox/fsstats/mystats -o /broad/hptmp/matter/stats_20090210/1714/1714.15.csv "/seq/solexaproc2/SL-XAH"
Job <8094519> is submitted to queue <broad>.
bsub -q broad -o  /broad/hptmp/matter/stats_20090210/1714/1714.16.out  /util/bin/perl /sysman/scratch/matter/sandbox/fsstats/mystats -o /broad/hptmp/matter/stats_20090210/1714/1714.16.csv "/seq/solexaproc2/SL-XAV"
Job <8094520> is submitted to queue <broad>.
bsub -q broad -o  /broad/hptmp/matter/stats_20090210/1714/1714.17.out  /util/bin/perl /sysman/scratch/matter/sandbox/fsstats/mystats -o /broad/hptmp/matter/stats_20090210/1714/1714.17.csv "/seq/solexaproc2/SL-XAF"
Job <8094521> is submitted to queue <broad>.
bsub -q broad -o  /broad/hptmp/matter/stats_20090210/1714/1714.18.out  /util/bin/perl /sysman/scratch/matter/sandbox/fsstats/mystats -o /broad/hptmp/matter/stats_20090210/1714/1714.18.csv "/seq/solexaproc2/SL-XAQ"
Job <8094522> is submitted to queue <broad>.
bsub -q broad -o  /broad/hptmp/matter/stats_20090210/1714/1714.19.out  /util/bin/perl /sysman/scratch/matter/sandbox/fsstats/mystats -o /broad/hptmp/matter/stats_20090210/1714/1714.19.csv "/seq/solexaproc2/SL-XAR"
Job <8094523> is submitted to queue <broad>.
bsub -q broad -o  /broad/hptmp/matter/stats_20090210/1714/1714.20.out  /util/bin/perl /sysman/scratch/matter/sandbox/fsstats/mystats -o /broad/hptmp/matter/stats_20090210/1714/1714.20.csv "/seq/solexaproc2/SL-XAW"
Job <8094524> is submitted to queue <broad>.
bsub -q broad -o  /broad/hptmp/matter/stats_20090210/1714/1714.21.out  /util/bin/perl /sysman/scratch/matter/sandbox/fsstats/mystats -o /broad/hptmp/matter/stats_20090210/1714/1714.21.csv "/seq/solexaproc2/SL-XAS"
Job <8094525> is submitted to queue <broad>.
bsub -q broad -o  /broad/hptmp/matter/stats_20090210/1714/1714.22.out  /util/bin/perl /sysman/scratch/matter/sandbox/fsstats/mystats -o /broad/hptmp/matter/stats_20090210/1714/1714.22.csv "/seq/solexaproc2/SL-XAA"
Job <8094526> is submitted to queue <broad>.
bsub -q broad -o  /broad/hptmp/matter/stats_20090210/1714/1714.23.out  /util/bin/perl /sysman/scratch/matter/sandbox/fsstats/mystats -o /broad/hptmp/matter/stats_20090210/1714/1714.23.csv "/seq/solexaproc2/SL-XAU"
Job <8094527> is submitted to queue <broad>.
bsub -q broad -o  /broad/hptmp/matter/stats_20090210/1714/1714.24.out  /util/bin/perl /sysman/scratch/matter/sandbox/fsstats/mystats -o /broad/hptmp/matter/stats_20090210/1714/1714.24.csv "/seq/solexaproc2/SL-XAK"
Job <8094528> is submitted to queue <broad>.
bsub -q broad -o  /broad/hptmp/matter/stats_20090210/1714/1714.25.out  /util/bin/perl /sysman/scratch/matter/sandbox/fsstats/mystats -o /broad/hptmp/matter/stats_20090210/1714/1714.25.csv "/seq/solexaproc2/SL-XAG"
Job <8094529> is submitted to queue <broad>.
bsub -q broad -o  /broad/hptmp/matter/stats_20090210/1714/1714.26.out  /util/bin/perl /sysman/scratch/matter/sandbox/fsstats/mystats -o /broad/hptmp/matter/stats_20090210/1714/1714.26.csv "/seq/solexaproc2/SL-XAC"
Job <8094530> is submitted to queue <broad>.
bsub -q broad -o  /broad/hptmp/matter/stats_20090210/1714/1714.27.out  /util/bin/perl /sysman/scratch/matter/sandbox/fsstats/mystats -o /broad/hptmp/matter/stats_20090210/1714/1714.27.csv "/seq/solexaproc2/SL-XBC"
Job <8094531> is submitted to queue <broad>.
bsub -q broad -o  /broad/hptmp/matter/stats_20090210/1714/1714.28.out  /util/bin/perl /sysman/scratch/matter/sandbox/fsstats/mystats -o /broad/hptmp/matter/stats_20090210/1714/1714.28.csv "/seq/solexaproc2/SL-XBF"
Job <8094532> is submitted to queue <broad>.
bsub -q broad -o  /broad/hptmp/matter/stats_20090210/1714/1714.29.out  /util/bin/perl /sysman/scratch/matter/sandbox/fsstats/mystats -o /broad/hptmp/matter/stats_20090210/1714/1714.29.csv "/seq/solexaproc2/SL-XAT"
Job <8094533> is submitted to queue <broad>.
bsub -q broad -o  /broad/hptmp/matter/stats_20090210/1714/1714.30.out  /util/bin/perl /sysman/scratch/matter/sandbox/fsstats/mystats -o /broad/hptmp/matter/stats_20090210/1714/1714.30.csv "/seq/solexaproc2/SL-XAL"
Job <8094534> is submitted to queue <broad>.
bsub -q broad -o  /broad/hptmp/matter/stats_20090210/1714/1714.31.out  /util/bin/perl /sysman/scratch/matter/sandbox/fsstats/mystats -o /broad/hptmp/matter/stats_20090210/1714/1714.31.csv "/seq/solexaproc2/SL-XAM"
Job <8094535> is submitted to queue <broad>.
bsub -q broad -o  /broad/hptmp/matter/stats_20090210/1714/1714.32.out  /util/bin/perl /sysman/scratch/matter/sandbox/fsstats/mystats -o /broad/hptmp/matter/stats_20090210/1714/1714.32.csv "/seq/solexaproc2/SL-XAE"
Job <8094536> is submitted to queue <broad>.
could not mkdir 1713: File exists at dirstats.pl line 100, <FIND> line 65.
bsub -q broad -o /broad/hptmp/matter/stats_20090210/1713/1713.0.out  /util/bin/perl /sysman/scratch/matter/sandbox/fsstats/mystats -1 -o /broad/hptmp/matter/stats_20090210/1713/1713.0.csv "/fg/ilmn_GAII"
Job <8094537> is submitted to queue <broad>.
Job <8094538> is submitted to queue <broad>.
find: Filesystem loop detected; `/fg/ilmn_GAII/.snapshot' has the same device number and inode as a directory which is 1 level higher in the filesystem hierarchy.
find: WARNING: Hard link count is wrong for .: this may be a bug in your filesystem driver.  Automatically turning on find's -noleaf option.  Earlier results may have failed to include directories that should have been searched.
bsub -q broad -o  /broad/hptmp/matter/stats_20090210/1713/1713.1.out  /util/bin/perl /sysman/scratch/matter/sandbox/fsstats/mystats -o /broad/hptmp/matter/stats_20090210/1713/1713.1.csv "/fg/ilmn_GAII/software"
bsub -q broad -o  /broad/hptmp/matter/stats_20090210/1713/1713.2.out  /util/bin/perl /sysman/scratch/matter/sandbox/fsstats/mystats -o /broad/hptmp/matter/stats_20090210/1713/1713.2.csv "/fg/ilmn_GAII/test"
Job <8094539> is submitted to queue <broad>.
bsub -q broad -o  /broad/hptmp/matter/stats_20090210/1713/1713.3.out  /util/bin/perl /sysman/scratch/matter/sandbox/fsstats/mystats -o /broad/hptmp/matter/stats_20090210/1713/1713.3.csv "/fg/ilmn_GAII/090127_MPG-ILMN01_0010_30W3MAAXX"
Job <8094540> is submitted to queue <broad>.
bsub -q broad -o  /broad/hptmp/matter/stats_20090210/1713/1713.4.out  /util/bin/perl /sysman/scratch/matter/sandbox/fsstats/mystats -o /broad/hptmp/matter/stats_20090210/1713/1713.4.csv "/fg/ilmn_GAII/090126_MPG-ILMN01_0009_NETTEST3"
Job <8094541> is submitted to queue <broad>.
bsub -q broad -o  /broad/hptmp/matter/stats_20090210/1713/1713.5.out  /util/bin/perl /sysman/scratch/matter/sandbox/fsstats/mystats -o /broad/hptmp/matter/stats_20090210/1713/1713.5.csv "/fg/ilmn_GAII/Service_Test"
Job <8094542> is submitted to queue <broad>.
bsub -q broad -o  /broad/hptmp/matter/stats_20090210/1713/1713.6.out  /util/bin/perl /sysman/scratch/matter/sandbox/fsstats/mystats -o /broad/hptmp/matter/stats_20090210/1713/1713.6.csv "/fg/ilmn_GAII/test2"
Job <8094543> is submitted to queue <broad>.
bsub -q broad -o  /broad/hptmp/matter/stats_20090210/1713/1713.7.out  /util/bin/perl /sysman/scratch/matter/sandbox/fsstats/mystats -o /broad/hptmp/matter/stats_20090210/1713/1713.7.csv "/fg/ilmn_GAII/Instruments"
Job <8094544> is submitted to queue <broad>.
Job <8094545> is submitted to queue <broad>.
