processing 1376.csv
processing 998.csv
processing 1114.csv
processing 131.csv
processing 19.csv
processing 900.csv
processing 861.csv
processing 1371.csv
processing 503.csv
processing 1356.csv
processing 1544.csv
processing 487.csv
processing 510.csv
processing 1629.csv
processing 1262.csv
processing 156.csv
processing 676.csv
processing 491.csv
processing 1609.csv
processing 855.csv
processing 1370.csv
processing 1465.csv
processing 1169.csv
processing 1566.csv
processing 962.csv
processing 1613.csv
processing 567.csv
processing 1568.csv
processing 1705.csv
processing 402.csv
processing 84.csv
processing 1691.csv
processing 1722.csv
processing 132.csv
processing 1411.csv
processing 1104.csv
processing 1433.csv
processing 1695.csv
processing 334.csv
processing 183.csv
processing 969.csv
processing 161.csv
processing 1383.csv
processing 607.csv
processing 103.csv
processing 1468.csv
processing 1108.csv
processing 604.csv
processing 366.csv
processing 228.csv
processing 267.csv
processing 515.csv
processing 1590.csv
processing 1526.csv
processing 1380.csv
processing 468.csv
processing 164.csv
processing 1536.csv
processing 1143.csv
processing 300.csv
processing 1098.csv
processing 888.csv
processing 1603.csv
processing 444.csv
processing 1065.csv
processing 1499.csv
processing 1585.csv
processing 291.csv
processing 1584.csv
processing 1504.csv
processing 939.csv
processing 484.csv
processing 586.csv
processing 113.csv
processing 1644.csv
processing 116.csv
processing 1281.csv
processing 1679.csv
processing 225.csv
processing 1441.csv
processing 1175.csv
processing 1138.csv
processing 235.csv
processing 234.csv
processing 1576.csv
processing 596.csv
processing 1110.csv
processing 1464.csv
processing 290.csv
processing 1523.csv
processing 102.csv
processing 979.csv
processing 187.csv
processing 512.csv
processing 1537.csv
processing 25.csv
processing 937.csv
processing 143.csv
processing 980.csv
processing 160.csv
processing 1386.csv
processing 154.csv
processing 1067.csv
processing 386.csv
processing 77.csv
processing 114.csv
processing 1687.csv
processing 1374.csv
processing 660.csv
processing 130.csv
processing 1260.csv
processing 1630.csv
processing 1193.csv
processing 151.csv
processing 121.csv
processing 35.csv
processing 284.csv
processing 1631.csv
processing 82.csv
processing 667.csv
processing 678.csv
processing 1718.csv
processing 1711.csv
processing 551.csv
processing 483.csv
processing 1426.csv
processing 101.csv
processing 1201.csv
processing 845.csv
processing 1385.csv
processing 1430.csv
processing 34.csv
processing 353.csv
processing 171.csv
processing 1113.csv
processing 964.csv
processing 1633.csv
processing 355.csv
processing 283.csv
processing 514.csv
processing 384.csv
processing 302.csv
processing 856.csv
processing 85.csv
processing 1616.csv
processing 846.csv
processing 1492.csv
processing 850.csv
processing 1277.csv
processing 1710.csv
processing 279.csv
processing 461.csv
processing 601.csv
processing 1352.csv
processing 1471.csv
processing 1205.csv
processing 55.csv
processing 459.csv
processing 299.csv
processing 1575.csv
processing 496.csv
processing 1418.csv
processing 1309.csv
processing 606.csv
processing 944.csv
processing 1448.csv
processing 1690.csv
processing 581.csv
processing 1455.csv
processing 1703.csv
processing 488.csv
processing 1342.csv
processing 1377.csv
processing 552.csv
processing 277.csv
processing 1507.csv
processing 1667.csv
processing 859.csv
processing 289.csv
processing 462.csv
processing 507.csv
processing 100.csv
processing 1117.csv
processing 276.csv
processing 124.csv
processing 81.csv
processing 248.csv
processing 481.csv
processing 1640.csv
processing 1057.csv
processing 1310.csv
processing 1482.csv
processing 1271.csv
processing 1478.csv
processing 1119.csv
processing 400.csv
processing 1266.csv
processing 1181.csv
processing 545.csv
processing 1157.csv
processing 1622.csv
processing 1532.csv
processing 166.csv
processing 1522.csv
processing 127.csv
processing 1709.csv
processing 1427.csv
processing 1182.csv
processing 1567.csv
processing 936.csv
processing 350.csv
processing 148.csv
processing 169.csv
processing 1129.csv
processing 1200.csv
processing 123.csv
processing 1675.csv
processing 1612.csv
processing 1118.csv
processing 532.csv
processing 842.csv
processing 1164.csv
processing 1299.csv
processing 1451.csv
processing 1179.csv
processing 1145.csv
processing 142.csv
processing 1466.csv
processing 563.csv
processing 566.csv
processing 134.csv
processing 1651.csv
processing 1257.csv
processing 1673.csv
processing 1273.csv
processing 322.csv
processing 1187.csv
processing 64.csv
processing 1204.csv
processing 1415.csv
processing 1258.csv
processing 556.csv
processing 657.csv
processing 1446.csv
processing 227.csv
processing 1357.csv
processing 1109.csv
processing 1518.csv
processing 549.csv
processing 1624.csv
processing 1070.csv
processing 1701.csv
processing 1500.csv
processing 1194.csv
processing 1688.csv
processing 1425.csv
processing 226.csv
processing 262.csv
processing 1535.csv
processing 434.csv
processing 401.csv
processing 985.csv
processing 1657.csv
processing 1591.csv
processing 582.csv
processing 1422.csv
processing 333.csv
processing 1292.csv
processing 1580.csv
processing 263.csv
processing 1421.csv
processing 513.csv
processing 104.csv
processing 128.csv
processing 1626.csv
processing 1485.csv
processing 952.csv
processing 163.csv
processing 1063.csv
processing 349.csv
processing 506.csv
processing 522.csv
processing 991.csv
processing 502.csv
processing 1620.csv
processing 938.csv
processing 242.csv
processing 252.csv
processing 176.csv
processing 1382.csv
processing 110.csv
processing 945.csv
0,0,9,0.000000
Here: sum=0
4,8,57,228.000000
Here: sum=228
8,16,11,100.000000
Here: sum=328
16,32,5,120.000000
Here: sum=448
32,64,11,488.000000
Here: sum=936
64,128,1,64.000000
Here: sum=1000
128,256,1,212.000000
Here: sum=1212
256,512,1,408.000000
Here: sum=1620
512,1024,4,2072.000000
Here: sum=3692
1024,2048,2,3152.000000
Here: sum=6844
2048,4096,7,17376.000000
Here: sum=24220
4096,8192,6,33908.000000
Here: sum=58128
8192,16384,30,384032.000000
Here: sum=442160
16384,32768,29,657708.000000
Here: sum=1099868
32768,65536,6,294824.000000
Here: sum=1394692
65536,131072,1,84164.000000
Here: sum=1478856
262144,524288,4,1397976.000000
Here: sum=2876832
524288,1048576,8,5648688.000000
Here: sum=8525520
2097152,4194304,2,6180516.000000
Here: sum=14706036
16777216,33554432,1,17967252.000000
Here: sum=32673288
33554432,67108864,1,46811516.000000
Here: sum=79484804
1048576,2097152,1,1695360.000000
Here: sum=1695360
0,0,2073,0.000000
Here: sum=0
4,8,43479,173916.000000
Here: sum=173916
8,16,34151,295792.000000
Here: sum=469708
16,32,1548035,35737456.000000
Here: sum=36207164
32,64,872074,28132980.000000
Here: sum=64340144
64,128,8655,794752.000000
Here: sum=65134896
128,256,9312,1679624.000000
Here: sum=66814520
256,512,4194,1505740.000000
Here: sum=68320260
512,1024,1501,1035984.000000
Here: sum=69356244
1024,2048,1886,2510276.000000
Here: sum=71866520
2048,4096,1736,5521644.000000
Here: sum=77388164
4096,8192,1170,7365432.000000
Here: sum=84753596
8192,16384,501,5452636.000000
Here: sum=90206232
16384,32768,1289,33924324.000000
Here: sum=124130556
32768,65536,757,36425256.000000
Here: sum=160555812
65536,131072,1335,122147960.000000
Here: sum=282703772
131072,262144,464,75178352.000000
Here: sum=357882124
262144,524288,162,68416904.000000
Here: sum=426299028
524288,1048576,150,122297744.000000
Here: sum=548596772
1048576,2097152,53,83916520.000000
Here: sum=632513292
2097152,4194304,15,41051852.000000
Here: sum=673565144
4194304,8388608,9,53808964.000000
Here: sum=727374108
8388608,16777216,4,42892140.000000
Here: sum=770266248
16777216,33554432,2,45895188.000000
Here: sum=816161436
33554432,67108864,2,94628812.000000
Here: sum=910790248
0,0,9440,14160.000000
Here: sum=14160
2,4,4291,12873.000000
Here: sum=27033
4,8,5,28.000000
Here: sum=27061
8,16,338,3904.000000
Here: sum=30965
16,32,509,12556.500000
Here: sum=43521.5
32,64,977,45006.000000
Here: sum=88527.5
64,128,785,69371.000000
Here: sum=157898.5
128,256,283,47827.000000
Here: sum=205725.5
256,512,167,61197.000000
Here: sum=266922.5
512,1024,284,211462.000000
Here: sum=478384.5
1024,2048,854,1332566.000000
Here: sum=1810950.5
2048,4096,1451,4517480.000000
Here: sum=6328430.5
4096,8192,2160,12609233.500000
Here: sum=18937664
8192,16384,1410,16226029.000000
Here: sum=35163693
16384,32768,2569,66411045.000000
Here: sum=101574738
32768,65536,8513,416917565.500000
Here: sum=518492303.5
65536,131072,543,45157023.000000
Here: sum=563649326.5
131072,262144,352,70095435.500000
Here: sum=633744762
262144,524288,3,802333.500000
Here: sum=634547095.5
524288,1048576,92,75891659.500000
Here: sum=710438755
1048576,2097152,226,342389290.000000
Here: sum=1052828045
2097152,4194304,72,226256095.500000
Here: sum=1279084140.5
4194304,8388608,3,18205829.000000
Here: sum=1297289969.5
8388608,16777216,4,53820014.000000
Here: sum=1351109983.5
16777216,33554432,1,19598223.000000
Here: sum=1370708206.5
524288,1048576,1,1035988.000000
Here: sum=1035988
1048576,2097152,1,2076476.000000
Here: sum=3112464
2097152,4194304,29,91310192.000000
Here: sum=94422656
0,0,1,0.000000
Here: sum=0
4,8,34,136.000000
Here: sum=136
8,16,3,32.000000
Here: sum=168
16,32,5,116.000000
Here: sum=284
32,64,5,252.000000
Here: sum=536
64,128,2,152.000000
Here: sum=688
128,256,6,1240.000000
Here: sum=1928
512,1024,1,600.000000
Here: sum=2528
1024,2048,2,3780.000000
Here: sum=6308
2048,4096,5,15964.000000
Here: sum=22272
4096,8192,1,4120.000000
Here: sum=26392
8192,16384,5,58248.000000
Here: sum=84640
16384,32768,5,104644.000000
Here: sum=189284
32768,65536,1,45552.000000
Here: sum=234836
65536,131072,5,529820.000000
Here: sum=processing 1267.csv
processing 958.csv
processing 1373.csv
processing 1579.csv
processing 531.csv
processing 1469.csv
processing 661.csv
processing 1717.csv
processing 1082.csv
processing 1409.csv
processing 1697.csv
processing 831.csv
processing 297.csv
processing 659.csv
processing 1491.csv
processing 1195.csv
processing 1602.csv
processing 1574.csv
processing 1462.csv
processing 1542.csv
processing 305.csv
processing 1454.csv
processing 1467.csv
processing 1122.csv
processing 1457.csv
processing 272.csv
processing 1552.csv
processing 1445.csv
processing 1203.csv
processing 1174.csv
processing 1334.csv
processing 157.csv
processing 1206.csv
processing 963.csv
processing 1171.csv
processing 78.csv
processing 1554.csv
processing 24.csv
processing 1184.csv
processing 1550.csv
processing 584.csv
processing 1497.csv
processing 1517.csv
processing 560.csv
processing 1634.csv
processing 516.csv
processing 838.csv
processing 1572.csv
processing 1489.csv
processing 1439.csv
processing 238.csv
processing 21.csv
processing 125.csv
processing 398.csv
processing 1291.csv
processing 834.csv
processing 232.csv
processing 261.csv
processing 403.csv
processing 1296.csv
processing 585.csv
processing 250.csv
processing 497.csv
processing 257.csv
processing 348.csv
processing 853.csv
processing 1125.csv
processing 224.csv
processing 275.csv
processing 1461.csv
processing 1304.csv
processing 989.csv
processing 1514.csv
processing 863.csv
processing 833.csv
processing 1358.csv
processing 1714.csv
processing 1494.csv
processing 1538.csv
processing 63.csv
processing 147.csv
processing 1384.csv
processing 1583.csv
processing 251.csv
processing 1062.csv
processing 1713.csv
processing 1288.csv
processing 957.csv
processing 1555.csv
processing 266.csv
processing 20.csv
processing 663.csv
processing 1361.csv
processing 454.csv
processing 495.csv
processing 1582.csv
processing 265.csv
processing 455.csv
processing 1560.csv
processing 23.csv
processing 1039.csv
processing 1720.csv
processing 394.csv
processing 1628.csv
processing 1553.csv
processing 1543.csv
processing 1486.csv
processing 521.csv
processing 1581.csv
processing 223.csv
processing 1190.csv
processing 1103.csv
processing 1270.csv
processing 167.csv
processing 1399.csv
processing 1149.csv
processing 1436.csv
processing 1650.csv
processing 1160.csv
processing 1668.csv
processing 1115.csv
processing 112.csv
processing 950.csv
processing 1042.csv
processing 1368.csv
processing 911.csv
processing 553.csv
processing 583.csv
processing 1186.csv
processing 74.csv
processing 1524.csv
processing 449.csv
processing 1463.csv
processing 1615.csv
processing 603.csv
processing 577.csv
processing 598.csv
processing 494.csv
processing 133.csv
processing 278.csv
processing 1540.csv
processing 498.csv
processing 572.csv
processing 1596.csv
processing 597.csv
processing 504.csv
processing 87.csv
processing 1592.csv
processing 677.csv
processing 493.csv
processing 966.csv
processing 1417.csv
processing 1073.csv
processing 1548.csv
processing 135.csv
processing 1443.csv
processing 1163.csv
processing 1390.csv
processing 1372.csv
processing 285.csv
processing 993.csv
processing 397.csv
processing 1670.csv
processing 986.csv
processing 1706.csv
processing 1646.csv
processing 976.csv
processing 1723.csv
processing 1505.csv
processing 1393.csv
processing 1106.csv
processing 1479.csv
processing 1545.csv
processing 1556.csv
processing 1111.csv
processing 575.csv
processing 1513.csv
processing 851.csv
processing 1707.csv
processing 864.csv
processing 159.csv
processing 1256.csv
processing 301.csv
processing 324.csv
processing 1493.csv
processing 1423.csv
processing 1483.csv
processing 288.csv
processing 1519.csv
processing 1202.csv
processing 489.csv
processing 1614.csv
processing 905.csv
processing 1047.csv
processing 1302.csv
processing 1132.csv
processing 1285.csv
processing 1144.csv
processing 1528.csv
processing 452.csv
processing 1378.csv
processing 88.csv
processing 1487.csv
processing 1606.csv
processing 1338.csv
processing 1627.csv
processing 1343.csv
processing 1559.csv
processing 244.csv
processing 1474.csv
processing 568.csv
processing 304.csv
processing 269.csv
processing 1477.csv
processing 1431.csv
processing 1598.csv
processing 1387.csv
processing 1557.csv
processing 1704.csv
processing 247.csv
processing 1197.csv
processing 1593.csv
processing 70.csv
processing 236.csv
processing 1196.csv
processing 1678.csv
processing 27.csv
processing 271.csv
processing 1283.csv
processing 1653.csv
processing 1048.csv
processing 959.csv
processing 1665.csv
processing 490.csv
processing 849.csv
processing 392.csv
processing 1459.csv
processing 1131.csv
processing 594.csv
processing 1515.csv
processing 345.csv
processing 457.csv
processing 511.csv
processing 76.csv
processing 1508.csv
processing 258.csv
processing 1511.csv
processing 86.csv
processing 573.csv
processing 1402.csv
processing 1652.csv
processing 972.csv
processing 1407.csv
processing 282.csv
processing 499.csv
processing 954.csv
processing 982.csv
processing 1452.csv
processing 1611.csv
processing 837.csv
processing 1605.csv
processing 1177.csv
processing 1052.csv
processing 992.csv
processing 120.csv
processing 1623.csv
processing 1413.csv
processing 185.csv
processing 1335.csv
processing 458.csv
processing 574.csv
processing 351.csv
processing 501.csv
processing 174.csv
processing 910.csv
processing 961.csv
processing 1610.csv
processing 57.csv
processing 544.csv
processing 222.csv
processing 1503.csv
processing 904.csv
processing 450.csv
processing 60.csv
processing 1414.csv
processing 1044.csv
processing 1702.csv
processing 571.csv
processing 1176.csv
processing 1140.csv
processing 1570.csv
processing 453.csv
processing 446.csv
processing 550.csv
processing 599.csv
processing 1142.csv
processing 946.csv
processing 1658.csv
processing 1156.csv
processing 107.csv
processing 1495.csv
processing 1301.csv
processing 56.csv
processing 383.csv
processing 655.csv
processing 674.csv
processing 987.csv
processing 1146.csv
processing 912.csv
processing 1595.csv
processing 1274.csv
processing 1307.csv
processing 1398.csv
processing 1664.csv
processing 11.csv
processing 909.csv
processing 1416.csv
processing 1648.csv
processing 1045.csv
processing 1563.csv
processing 500.csv
processing 1516.csv
processing 72.csv
processing 140.csv
processing 240.csv
processing 1298.csv
processing 902.csv
processing 1081.csv
processing 565.csv
processing 1708.csv
processing 118.csv
processing 1689.csv
processing 1055.csv
processing 547.csv
processing 268.csv
processing 1392.csv
processing 692.csv
processing 1279.csv
processing 1649.csv
processing 875.csv
processing 1303.csv
processing 214.csv
processing 1060.csv
processing 935.csv
processing 1043.csv
processing 1086.csv
processing 1569.csv
processing 1100.csv
processing 1501.csv
processing 1502.csv
processing 654.csv
processing 1671.csv
processing 1440.csv
processing 1369.csv
processing 1654.csv
processing 1362.csv
processing 152.csv
processing 1290.csv
processing 1460.csv
processing 1400.csv
processing 1148.csv
processing 1359.csv
processing 1406.csv
processing 977.csv
processing 1166.csv
processing 1558.csv
processing 564.csv
processing 960.csv
processing 303.csv
processing 576.csv
processing 533.csv
processing 1339.csv
processing 108.csv
processing 1588.csv
processing 519.csv
processing 1641.csv
processing 1428.csv
processing 28.csv
processing 1066.csv
processing 356.csv
processing 111.csv
processing 1490.csv
processing 1389.csv
processing 941.csv
processing 694.csv
processing 237.csv
processing 1680.csv
processing 1410.csv
processing 578.csv
processing 1525.csv
processing 1395.csv
processing 1636.csv
processing 1151.csv
processing 1721.csv
processing 830.csv
processing 1655.csv
processing 1541.csv
processing 1438.csv
processing 1170.csv
processing 1346.csv
processing 947.csv
processing 1562.csv
processing 1168.csv
processing 1379.csv
processing 1647.csv
processing 233.csv
processing 1136.csv
processing 1453.csv
processing 173.csv
processing 231.csv
processing 528.csv
processing 968.csv
processing 557.csv
processing 1192.csv
processing 456.csv
processing 30.csv
processing 1488.csv
processing 1700.csv
processing 1638.csv
processing 518.csv
processing 840.csv
processing 109.csv
processing 1083.csv
processing 843.csv
processing 841.csv
processing 1080.csv
processing 98.csv
processing 605.csv
processing 1635.csv
processing 569.csv
processing 1512.csv
processing 1107.csv
processing 73.csv
processing 1408.csv
processing 953.csv
processing 1715.csv
processing 1054.csv
processing 656.csv
processing 54.csv
processing 1165.csv
processing 1099.csv
processing 1435.csv
processing 1278.csv
processing 662.csv
processing 839.csv
processing 485.csv
processing 870.csv
processing 844.csv
processing 1589.csv
processing 1561.csv
processing 1085.csv
processing 443.csv
processing 99.csv
processing 249.csv
processing 1280.csv
processing 1058.csv
processing 168.csv
processing 1198.csv
processing 146.csv
processing 115.csv
processing 1476.csv
processing 26.csv
processing 1189.csv
processing 492.csv
processing 1261.csv
processing 1344.csv
processing 975.csv
processing 1442.csv
processing 1363.csv
processing 246.csv
processing 933.csv
processing 1337.csv
processing 1053.csv
processing 1172.csv
processing 1345.csv
processing 517.csv
processing 1663.csv
processing 580.csv
processing 955.csv
processing 1571.csv
processing 852.csv
processing 1391.csv
processing 1716.csv
processing 1645.csv
processing 1158.csv
processing 1564.csv
processing 365.csv
processing 1126.csv
processing 1306.csv
processing 1401.csv
processing 36.csv
processing 1674.csv
processing 1473.csv
processing 1056.csv
processing 1150.csv
processing 1725.csv
processing 155.csv
processing 1434.csv
processing 1259.csv
processing 486.csv
processing 1153.csv
processing 600.csv
processing 548.csv
processing 1520.csv
processing 1712.csv
processing 1547.csv
processing 1480.csv
processing 1600.csv
processing 534.csv
processing 1059.csv
processing 984.csv
processing 1137.csv
processing 1578.csv
processing 1405.csv
processing 1661.csv
processing 1475.csv
processing 595.csv
processing 158.csv
processing 1381.csv
processing 1533.csv
processing 1618.csv
processing 1681.csv
processing 555.csv
processing 1112.csv
processing 105.csv
processing 1527.csv
processing 1529.csv
processing 1084.csv
processing 848.csv
processing 1676.csv
processing 1699.csv
processing 270.csv
processing 1188.csv
processing 1496.csv
processing 1300.csv
processing 1625.csv
processing 1420.csv
processing 1141.csv
processing 1147.csv
processing 367.csv
processing 1429.csv
processing 1071.csv
processing 1546.csv
processing 215.csv
processing 1064.csv
processing 1549.csv
processing 562.csv
processing 558.csv
processing 608.csv
processing 1178.csv
processing 1269.csv
processing 971.csv
processing 1061.csv
processing 96.csv
processing 89.csv
processing 239.csv
processing 58.csv
processing 1419.csv
processing 561.csv
processing 942.csv
processing 691.csv
processing 1530.csv
processing 1284.csv
processing 106.csv
processing 298.csv
processing 1539.csv
processing 83.csv
processing 175.csv
processing 1669.csv
processing 913.csv
processing 931.csv
processing 1046.csv
processing 988.csv
processing 243.csv
processing 1719.csv
processing 1686.csv
processing 1123.csv
processing 1698.csv
processing 264.csv
processing 1049.csv
processing 940.csv
processing 1444.csv
processing 1677.csv
processing 245.csv
processing 520.csv
processing 1282.csv
processing 165.csv
processing 186.csv
processing 673.csv
processing 1412.csv
processing 554.csv
processing 22.csv
processing 1565.csv
processing 1643.csv
processing 529.csv
processing 1534.csv
processing 943.csv
764656
131072,262144,2,460588.000000
Here: sum=1225244
262144,524288,7,2555488.000000
Here: sum=3780732
524288,1048576,7,4852336.000000
Here: sum=8633068
1048576,2097152,1,1435708.000000
Here: sum=10068776
4,8,24,96.000000
Here: sum=96
32,64,1,52.000000
Here: sum=148
0,0,19,0.000000
Here: sum=0
4,8,1457,5828.000000
Here: sum=5828
8,16,77,656.000000
Here: sum=6484
16,32,12,264.000000
Here: sum=6748
32,64,42,1796.000000
Here: sum=8544
64,128,239,27752.000000
Here: sum=36296
128,256,675,142248.000000
Here: sum=178544
256,512,518,219536.000000
Here: sum=398080
512,1024,10,7736.000000
Here: sum=405816
1024,2048,4,5828.000000
Here: sum=411644
2048,4096,1,3972.000000
Here: sum=415616
4096,8192,1,4812.000000
Here: sum=420428
0,0,522,0.000000
Here: sum=0
4,8,9868,39472.000000
Here: sum=39472
8,16,3594,33968.000000
Here: sum=73440
16,32,2346,46716.000000
Here: sum=120156
32,64,1215,54956.000000
Here: sum=175112
64,128,1158,105516.000000
Here: sum=280628
128,256,348,59424.000000
Here: sum=340052
256,512,168,61348.000000
Here: sum=401400
512,1024,56,42460.000000
Here: sum=443860
1024,2048,90,141752.000000
Here: sum=585612
2048,4096,51,142600.000000
Here: sum=728212
4096,8192,27,159128.000000
Here: sum=887340
8192,16384,21,246172.000000
Here: sum=1133512
16384,32768,23,472532.000000
Here: sum=1606044
32768,65536,6,252040.000000
Here: sum=1858084
65536,131072,1,119072.000000
Here: sum=1977156
4,8,1,4.000000
Here: sum=4
32,64,3,104.000000
Here: sum=108
64,128,3,208.000000
Here: sum=208
128,256,1,144.000000
Here: sum=352
0,0,483,0.000000
Here: sum=0
4,8,1999,7996.000000
Here: sum=7996
8,16,556,4864.000000
Here: sum=12860
16,32,172,3672.000000
Here: sum=16532
32,64,106,4328.000000
Here: sum=20860
64,128,34,3160.000000
Here: sum=24020
128,256,41,7716.000000
Here: sum=31736
256,512,7,2488.000000
Here: sum=34224
512,1024,9,6084.000000
Here: sum=40308
1024,2048,3,3972.000000
Here: sum=44280
2048,4096,2,4672.000000
Here: sum=48952
262144,524288,1,267348.000000
Here: sum=316300
4,8,21,84.000000
Here: sum=84
8,16,32,344.000000
Here: sum=428
16,32,7,144.000000
Here: sum=572
32,64,11,604.000000
Here: sum=1176
64,128,4,344.000000
Here: sum=1520
128,256,2,332.000000
Here: sum=1852
256,512,2,784.000000
Here: sum=2636
0,0,522,0.000000
Here: sum=0
4,8,9868,39472.000000
Here: sum=39472
8,16,3594,33968.000000
Here: sum=73440
16,32,2346,46716.000000
Here: sum=120156
32,64,1215,54956.000000
Here: sum=175112
64,128,1158,105516.000000
Here: sum=280628
128,256,348,59424.000000
Here: sum=340052
256,512,168,61348.000000
Here: sum=401400
512,1024,56,42460.000000
Here: sum=443860
1024,2048,90,141752.000000
Here: sum=585612
2048,4096,51,142600.000000
Here: sum=728212
4096,8192,27,159128.000000
Here: sum=887340
8192,16384,21,246172.000000
Here: sum=1133512
16384,32768,23,472532.000000
Here: sum=1606044
32768,65536,6,252040.000000
Here: sum=1858084
65536,131072,1,119072.000000
Here: sum=1977156
2,4,1,3.000000
Here: sum=3
4,8,1,4.000000
Here: sum=7
16,32,1,27.500000
Here: sum=34.5
1024,2048,1,1845.500000
Here: sum=1880
65536,131072,12,1016139.000000
Here: sum=1018019
0,0,2102,0.000000
Here: sum=0
4,8,43563,174252.000000
Here: sum=174252
8,16,34168,295964.000000
Here: sum=470216
16,32,1548073,35738248.000000
Here: sum=36208464
32,64,872118,28135036.000000
Here: sum=64343500
64,128,8766,804676.000000
Here: sum=65148176
128,256,9320,1681368.000000
Here: sum=66829544
256,512,4196,1506616.000000
Here: sum=68336160
512,1024,1506,1039848.000000
Here: sum=69376008
1024,2048,1891,2517876.000000
Here: sum=71893884
2048,4096,2340,7972612.000000
Here: sum=79866496
4096,8192,2579,13165532.000000
Here: sum=93032028
8192,16384,511,5566576.000000
Here: sum=98598604
16384,32768,1300,34175324.000000
Here: sum=132773928
32768,65536,897,43840940.000000
Here: sum=176614868
65536,131072,1340,122677780.000000
Here: sum=299292648
131072,262144,473,77171440.000000
Here: sum=376464088
262144,524288,270,116574916.000000
Here: sum=493039004
524288,1048576,165,133360936.000000
Here: sum=626399940
1048576,2097152,56,87531772.000000
Here: sum=713931712
2097152,4194304,15,41051852.000000
Here: sumprocessing 1639.csv
processing 1180.csv
processing 71.csv
processing 153.csv
processing 1458.csv
processing 1724.csv
processing 1510.csv
processing 658.csv
processing 1484.csv
processing 253.csv
processing 1124.csv
processing 1573.csv
processing 1120.csv
processing 1394.csv
processing 1607.csv
processing 1353.csv
processing 908.csv
processing 10.csv
processing 145.csv
processing 1128.csv
processing 368.csv
processing 141.csv
processing 122.csv
processing 543.csv
processing 1336.csv
processing 241.csv
processing 932.csv
processing 172.csv
processing 948.csv
processing 981.csv
processing 926.csv
processing 29.csv
processing 126.csv
processing 1139.csv
processing 274.csv
processing 854.csv
processing 1295.csv
processing 983.csv
processing 184.csv
processing 1375.csv
processing 1619.csv
processing 934.csv
processing 1.csv
processing 508.csv
processing 313.csv
processing 1268.csv
processing 675.csv
processing 570.csv
processing 1297.csv
processing 1551.csv
processing 1694.csv
processing 1662.csv
processing 1617.csv
processing 579.csv
processing 1604.csv
processing 1432.csv
processing 1531.csv
processing 1506.csv
processing 1481.csv
processing 1185.csv
processing 1586.csv
processing 509.csv
processing 1351.csv
processing 1597.csv
processing 1498.csv
processing 1437.csv
processing 1608.csv
processing 1289.csv
processing 1696.csv
processing 1102.csv
processing 119.csv
processing 1424.csv
processing 1135.csv
processing 527.csv
processing 385.csv
processing 1159.csv
processing 1587.csv
processing 1305.csv
processing 323.csv
processing 352.csv
processing 974.csv
processing 1403.csv
processing 1632.csv
processing 33.csv
processing 307.csv
processing 150.csv
processing 1472.csv
processing 1577.csv
processing 1388.csv
processing 1404.csv
processing 1594.csv
processing 1293.csv
processing 1161.csv
processing 162.csv
processing 505.csv
processing 602.csv
processing 1199.csv
processing 1191.csv
processing 559.csv
processing 1127.csv
processing 1134.csv
processing 1509.csv
processing 1397.csv
processing 956.csv
processing 1396.csv
processing 1121.csv
processing 1637.csv
processing 1601.csv
processing 1263.csv
processing 1311.csv
processing 1183.csv
processing 1347.csv
processing 149.csv
processing 1692.csv
processing 970.csv
processing 978.csv
processing 862.csv
processing 973.csv
processing 1155.csv
processing 1621.csv
processing 997.csv
processing 117.csv
processing 1470.csv
processing 965.csv
processing 546.csv
processing 930.csv
processing 31.csv
processing 1116.csv
processing 1456.csv
processing 1101.csv
processing 1642.csv
processing 1672.csv
processing 1287.csv
processing 1162.csv
processing 1294.csv
processing 1449.csv
processing 1693.csv
processing 1133.csv
processing 129.csv
processing 1599.csv
processing 695.csv
processing 1447.csv
processing 273.csv
processing 1521.csv
=754983564
4194304,8388608,9,53808964.000000
Here: sum=808792528
8388608,16777216,4,42892140.000000
Here: sum=851684668
16777216,33554432,2,45895188.000000
Here: sum=897579856
33554432,67108864,2,94628812.000000
Here: sum=992208668
0,0,28,0.000000
Here: sum=0
4,8,50,200.000000
Here: sum=200
8,16,14,140.000000
Here: sum=340
16,32,33,676.000000
Here: sum=1016
32,64,39,1804.000000
Here: sum=2820
64,128,109,9772.000000
Here: sum=12592
128,256,2,504.000000
Here: sum=13096
256,512,2,876.000000
Here: sum=13972
512,1024,4,3264.000000
Here: sum=17236
1024,2048,3,3820.000000
Here: sum=21056
2048,4096,599,2435004.000000
Here: sum=2456060
4096,8192,1408,5795980.000000
Here: sum=8252040
8192,16384,5,55692.000000
Here: sum=8307732
16384,32768,6,146356.000000
Here: sum=8454088
32768,65536,139,7370132.000000
Here: sum=15824220
131072,262144,7,1532500.000000
Here: sum=17356720
262144,524288,101,45602524.000000
Here: sum=62959244
524288,1048576,8,6210856.000000
Here: sum=69170100
1048576,2097152,2,2179544.000000
Here: sum=71349644
0,0,160,0.000000
Here: sum=0
4,8,2170,8680.000000
Here: sum=8680
8,16,755,7488.000000
Here: sum=16168
16,32,330,6760.000000
Here: sum=22928
32,64,146,6300.000000
Here: sum=29228
64,128,70,5988.000000
Here: sum=35216
128,256,37,6232.000000
Here: sum=41448
256,512,22,8144.000000
Here: sum=49592
512,1024,25,18156.000000
Here: sum=67748
1024,2048,11,16168.000000
Here: sum=83916
2048,4096,8,22324.000000
Here: sum=106240
4096,8192,15,78008.000000
Here: sum=184248
8192,16384,21,259624.000000
Here: sum=443872
16384,32768,8,204304.000000
Here: sum=648176
32768,65536,7,324772.000000
Here: sum=972948
65536,131072,5,462788.000000
Here: sum=1435736
